<?xml version="1.0" encoding="UTF-8"?>
<testsuite xmlns:xsi="http://www.w3.org/2001/XMLSchema-instance" xsi:noNamespaceSchemaLocation="https://maven.apache.org/surefire/maven-surefire-plugin/xsd/surefire-test-report.xsd" version="3.0.2" name="be.ehb.integrationbridge.shared.XmlSerializationTest" time="0.241" tests="6" errors="0" skipped="0" failures="0">
  <properties>
[...]
</properties>
  <testcase name="heartbeatMessage_serializeAndDeserialize" classname="be.ehb.integrationbridge.shared.XmlSerializationTest" time="0.176"/>
  <testcase name="emailMessage_serializeAndDeserialize" classname="be.ehb.integrationbridge.shared.XmlSerializationTest" time="0.028"/>
  <testcase name="saleMessage_serializeAndDeserialize" classname="be.ehb.integrationbridge.shared.XmlSerializationTest" time="0.012"/>
  <testcase name="invoiceItem_serializeAndDeserialize" classname="be.ehb.integrationbridge.shared.XmlSerializationTest" time="0.006"/>
  <testcase name="saleItem_serializeAndDeserialize" classname="be.ehb.integrationbridge.shared.XmlSerializationTest" time="0.006"/>
  <testcase name="customerInfo_serializeAndDeserialize" classname="be.ehb.integrationbridge.shared.XmlSerializationTest" time="0.006"/>
</testsuite>